<?xml version="1.0" encoding="UTF-8"?>
<!-- Generated by org.testng.reporters.JUnitXMLReporter -->
<testsuite hostname="LSTKMY230457" name="E2E" tests="3" failures="0" timestamp="8 Jul 2019 15:33:47 GMT" time="83.801" errors="0">
  <testcase name="placeOrderTest" time="38.271" classname="com.virgin.test.impl.OrderTest"/>
  <testcase name="placeOrderTest" time="29.919" classname="com.virgin.test.impl.OrderTest"/>
  <testcase name="placeOrderTest" time="7.612" classname="com.virgin.test.impl.OrderTest"/>
</testsuite> <!-- E2E -->
